<?xml version="1.0" encoding="UTF-8"?>
<!-- Generated by org.testng.reporters.JUnitReportReporter -->
<testsuite skipped="0" hostname="LAPTOP-8KS32OGM" name="com.nopcommerce.demo.testsuit.TestSuit" tests="2" failures="0" timestamp="16 Jun 2021 21:41:36 GMT" time="19.538" errors="0">
  <testcase name="clickOnComputersTab" time="10.647" classname="com.nopcommerce.demo.testsuit.TestSuit"/>
  <testcase name="clickOnAllSelectMenuTabs" time="8.891" classname="com.nopcommerce.demo.testsuit.TestSuit"/>
</testsuite> <!-- com.nopcommerce.demo.testsuit.TestSuit -->
